<?xml version="1.0" encoding="UTF-8"?>
<!-- Generated by org.testng.reporters.JUnitReportReporter -->
<testsuite skipped="0" hostname="Murodjons-MBP.fios-router.home" name="com.crm.qa.testcases.LoginPageTest" tests="3" failures="0" timestamp="24 Aug 2019 11:29:39 GMT" time="12.202" errors="0">
  <testcase name="loginPageTitleTest" time="4.063" classname="com.crm.qa.testcases.LoginPageTest"/>
  <testcase name="crmLogoImageTest" time="3.171" classname="com.crm.qa.testcases.LoginPageTest"/>
  <testcase name="loginTest" time="4.968" classname="com.crm.qa.testcases.LoginPageTest"/>
</testsuite> <!-- com.crm.qa.testcases.LoginPageTest -->
