<?xml version="1.0" encoding="UTF-8"?>
<!-- Generated by org.testng.reporters.JUnitReportReporter -->
<testsuite skipped="0" hostname="Murodjons-MBP.fios-router.home" name="com.crm.qa.testcases.LoginPageTest" tests="3" failures="0" timestamp="25 Aug 2019 11:40:45 GMT" time="12.876" errors="0">
  <testcase name="loginPageTitleTest" time="4.252" classname="com.crm.qa.testcases.LoginPageTest"/>
  <testcase name="crmLogoImageTest" time="3.251" classname="com.crm.qa.testcases.LoginPageTest"/>
  <testcase name="loginTest" time="5.373" classname="com.crm.qa.testcases.LoginPageTest"/>
</testsuite> <!-- com.crm.qa.testcases.LoginPageTest -->
