<?xml version="1.0" encoding="UTF-8"?>
<!-- Generated by org.testng.reporters.JUnitReportReporter -->
<testsuite skipped="0" hostname="Murodjons-MBP.fios-router.home" name="com.crm.qa.testcases.LoginPageTest" tests="3" failures="0" timestamp="15 Sep 2019 12:45:41 GMT" time="11.649" errors="0">
  <testcase name="loginPageTitleTest" time="2.915" classname="com.crm.qa.testcases.LoginPageTest"/>
  <testcase name="crmLogoImageTest" time="3.701" classname="com.crm.qa.testcases.LoginPageTest"/>
  <testcase name="loginTest" time="5.033" classname="com.crm.qa.testcases.LoginPageTest"/>
</testsuite> <!-- com.crm.qa.testcases.LoginPageTest -->
