<?xml version="1.0" encoding="UTF-8"?>
<!-- Generated by org.testng.reporters.JUnitReportReporter -->
<testsuite skipped="0" hostname="Murodjons-MacBook-Pro.local" name="com.crm.qa.testcases.ContactPageTest" tests="1" failures="0" timestamp="15 Aug 2019 03:41:16 GMT" time="6.746" errors="0">
  <testcase name="verifyContactsPageLabel" time="6.746" classname="com.crm.qa.testcases.ContactPageTest"/>
</testsuite> <!-- com.crm.qa.testcases.ContactPageTest -->
