<?xml version="1.0" encoding="UTF-8"?>
<!-- Generated by org.testng.reporters.JUnitReportReporter -->
<testsuite skipped="0" hostname="Murodjons-MBP.fios-router.home" name="com.crm.qa.testcases.LoginPageTest" tests="3" failures="0" timestamp="25 Aug 2019 04:56:45 GMT" time="12.605" errors="0">
  <testcase name="loginPageTitleTest" time="4.232" classname="com.crm.qa.testcases.LoginPageTest"/>
  <testcase name="crmLogoImageTest" time="3.130" classname="com.crm.qa.testcases.LoginPageTest"/>
  <testcase name="loginTest" time="5.243" classname="com.crm.qa.testcases.LoginPageTest"/>
</testsuite> <!-- com.crm.qa.testcases.LoginPageTest -->
