<?xml version="1.0" encoding="UTF-8"?>
<!-- Generated by org.testng.reporters.JUnitReportReporter -->
<testsuite skipped="0" hostname="Murodjons-MBP.fios-router.home" name="com.crm.qa.testcases.ContactPageTest" tests="3" failures="0" timestamp="25 Aug 2019 05:04:32 GMT" time="19.017" errors="0">
  <testcase name="verifyContactsPageLabel" time="6.123" classname="com.crm.qa.testcases.ContactPageTest"/>
  <testcase name="selectSingleContactsLink" time="6.721" classname="com.crm.qa.testcases.ContactPageTest"/>
  <testcase name="selectMultipleContactsLink" time="6.173" classname="com.crm.qa.testcases.ContactPageTest"/>
</testsuite> <!-- com.crm.qa.testcases.ContactPageTest -->
