<?xml version="1.0" encoding="UTF-8"?>
<!-- Generated by org.testng.reporters.JUnitReportReporter -->
<testsuite skipped="0" hostname="Murodjons-MBP.fios-router.home" name="com.crm.qa.testcases.HomePageTest" tests="4" failures="0" timestamp="25 Aug 2019 05:16:39 GMT" time="21.971" errors="0">
  <testcase name="verifyHomePageTitleTest" time="4.950" classname="com.crm.qa.testcases.HomePageTest"/>
  <testcase name="verifyUserNameTest" time="5.135" classname="com.crm.qa.testcases.HomePageTest"/>
  <testcase name="verifyContactsLinkTest" time="5.865" classname="com.crm.qa.testcases.HomePageTest"/>
  <testcase name="verifyCalendarLinkTest" time="6.021" classname="com.crm.qa.testcases.HomePageTest"/>
</testsuite> <!-- com.crm.qa.testcases.HomePageTest -->
