<?xml version="1.0" encoding="UTF-8"?>
<!-- Generated by org.testng.reporters.JUnitReportReporter -->
<testsuite skipped="0" hostname="Murodjons-MBP.fios-router.home" name="com.crm.qa.testcases.ContactPageTest" tests="7" failures="0" timestamp="16 Sep 2019 01:11:05 GMT" time="97.600" errors="0">
  <testcase name="verifyContactsPageLabel" time="11.275" classname="com.crm.qa.testcases.ContactPageTest"/>
  <testcase name="selectSingleContactsLink" time="6.992" classname="com.crm.qa.testcases.ContactPageTest"/>
  <testcase name="selectMultipleContactsLink" time="21.458" classname="com.crm.qa.testcases.ContactPageTest"/>
  <testcase name="validateCreateNewContact" time="13.272" classname="com.crm.qa.testcases.ContactPageTest"/>
  <testcase name="validateCreateNewContact" time="15.696" classname="com.crm.qa.testcases.ContactPageTest"/>
  <testcase name="validateCreateNewContact" time="10.620" classname="com.crm.qa.testcases.ContactPageTest"/>
  <testcase name="validateCreateNewContact" time="18.287" classname="com.crm.qa.testcases.ContactPageTest"/>
</testsuite> <!-- com.crm.qa.testcases.ContactPageTest -->
