<?xml version="1.0" encoding="UTF-8"?>
<!-- Generated by org.testng.reporters.JUnitReportReporter -->
<testsuite skipped="0" hostname="Murodjons-MBP.fios-router.home" name="com.crm.qa.testcases.LoginPageTest" tests="3" failures="0" timestamp="25 Aug 2019 05:16:39 GMT" time="12.839" errors="0">
  <testcase name="loginPageTitleTest" time="3.241" classname="com.crm.qa.testcases.LoginPageTest"/>
  <testcase name="crmLogoImageTest" time="3.327" classname="com.crm.qa.testcases.LoginPageTest"/>
  <testcase name="loginTest" time="6.271" classname="com.crm.qa.testcases.LoginPageTest"/>
</testsuite> <!-- com.crm.qa.testcases.LoginPageTest -->
