<?xml version="1.0" encoding="UTF-8"?>
<!-- Generated by org.testng.reporters.JUnitReportReporter -->
<testsuite skipped="0" hostname="Murodjons-MBP.fios-router.home" name="com.crm.qa.testcases.ContactPageTest" tests="3" failures="0" timestamp="25 Aug 2019 05:16:39 GMT" time="18.246" errors="0">
  <testcase name="verifyContactsPageLabel" time="5.529" classname="com.crm.qa.testcases.ContactPageTest"/>
  <testcase name="selectSingleContactsLink" time="6.745" classname="com.crm.qa.testcases.ContactPageTest"/>
  <testcase name="selectMultipleContactsLink" time="5.972" classname="com.crm.qa.testcases.ContactPageTest"/>
</testsuite> <!-- com.crm.qa.testcases.ContactPageTest -->
