<?xml version="1.0" encoding="UTF-8"?>
<!-- Generated by org.testng.reporters.JUnitReportReporter -->
<testsuite skipped="0" hostname="Murodjons-MBP.fios-router.home" name="com.crm.qa.testcases.ContactPageTest" tests="7" failures="0" timestamp="15 Sep 2019 15:43:26 GMT" time="102.308" errors="0">
  <testcase name="verifyContactsPageLabel" time="11.564" classname="com.crm.qa.testcases.ContactPageTest"/>
  <testcase name="selectSingleContactsLink" time="5.829" classname="com.crm.qa.testcases.ContactPageTest"/>
  <testcase name="selectMultipleContactsLink" time="5.774" classname="com.crm.qa.testcases.ContactPageTest"/>
  <testcase name="validateCreateNewContact" time="23.868" classname="com.crm.qa.testcases.ContactPageTest"/>
  <testcase name="validateCreateNewContact" time="22.515" classname="com.crm.qa.testcases.ContactPageTest"/>
  <testcase name="validateCreateNewContact" time="7.785" classname="com.crm.qa.testcases.ContactPageTest"/>
  <testcase name="validateCreateNewContact" time="24.973" classname="com.crm.qa.testcases.ContactPageTest"/>
</testsuite> <!-- com.crm.qa.testcases.ContactPageTest -->
